<?xml version="1.0" encoding="UTF-8"?>
<!-- Generated by org.testng.reporters.JUnitXMLReporter -->
<testsuite ignored="0" hostname="HP" failures="1" tests="5" name="Test" time="102.261" errors="0" timestamp="2024-03-19T18:14:46 EDT">
  <testcase classname="com.naveenautomation.tests.AddressBookPageTest" name="validateNewAddressAddition" time="11.286">
    <skipped/>
  </testcase> <!-- validateNewAddressAddition -->
  <testcase classname="com.naveenautomation.tests.AddressBookPageTest" name="validateNewAddressAddition" time="12.628">
    <skipped/>
  </testcase> <!-- validateNewAddressAddition -->
  <testcase classname="com.naveenautomation.tests.AddressBookPageTest" name="validateNewAddressAddition" time="10.408">
    <failure type="org.openqa.selenium.NoSuchElementException" message="Cannot locate element with text: Ontario
For documentation on this error, please visit: https://www.seleniumhq.org/exceptions/no_such_element.html
Build info: version: &amp;apos;3.141.59&amp;apos;, revision: &amp;apos;e82be7d358&amp;apos;, time: &amp;apos;2018-11-14T08:17:03&amp;apos;
System info: host: &amp;apos;HP&amp;apos;, ip: &amp;apos;10.0.0.47&amp;apos;, os.name: &amp;apos;Windows 11&amp;apos;, os.arch: &amp;apos;amd64&amp;apos;, os.version: &amp;apos;10.0&amp;apos;, java.version: &amp;apos;17.0.9&amp;apos;
Driver info: driver.version: unknown">
      <![CDATA[org.openqa.selenium.NoSuchElementException: Cannot locate element with text: Ontario
For documentation on this error, please visit: https://www.seleniumhq.org/exceptions/no_such_element.html
Build info: version: '3.141.59', revision: 'e82be7d358', time: '2018-11-14T08:17:03'
System info: host: 'HP', ip: '10.0.0.47', os.name: 'Windows 11', os.arch: 'amd64', os.version: '10.0', java.version: '17.0.9'
Driver info: driver.version: unknown
at org.openqa.selenium.support.ui.Select.selectByVisibleText(Select.java:147)
at com.naveenautomation.pages.AddAddressPage.selectZone(AddAddressPage.java:82)
at com.naveenautomation.pages.AddAddressPage.newAddressFillingFlow(AddAddressPage.java:102)
at com.naveenautomation.tests.AddressBookPageTest.validateNewAddressAddition(AddressBookPageTest.java:33)
at java.base/java.util.ArrayList.forEach(ArrayList.java:1511)
... Removed 27 stack frames]]>
    </failure>
  </testcase> <!-- validateNewAddressAddition -->
  <testcase classname="com.naveenautomation.tests.ContactUsPageTest" name="validateContactUs" time="8.52"/>
  <testcase classname="com.naveenautomation.tests.DownloadsPageTest" name="validateDownloads" time="6.332"/>
</testsuite> <!-- Test -->
